Tabela #1

Tabela #2

Tabela #3
---
|y|
---
|0|
---
|1|
---
satisfativel e refutavel

Tabela #4
---
|x|
---
|0|
---
|1|
---
satisfativel e refutavel

Tabela #5

Tabela #6

Tabela #7
-------------------------------------------------------------------------------------------------------------------
|x|(0.x)|((1>0)>(0.x))|(((1>0).(0+1)).((1>0)>(0.x)))|((((1>0).(0+1)).((1>0)>(0.1))).(((1>0).(0+1)).((1>0)>(0.x))))|
-------------------------------------------------------------------------------------------------------------------
|0|    0|            1|                            0|                                                            0|
-------------------------------------------------------------------------------------------------------------------
|1|    0|            1|                            0|                                                            0|
-------------------------------------------------------------------------------------------------------------------
insatisfativel e refutavel

