Tabela #1
-----------------------------------------------------------------------------------------------------------------------------------------------------------------------------------------------------------------------------------------
|x|y|z|t|(1>y)|(t+z)|(x>1)|(y.y)|(-(1>y))|(-(x>1))|(-(y.y))|((-(x>1)).z)|(-((-(x>1)).z))|((-(1>y)).(-((-(x>1)).z)))|(-((-(1>y)).(-((-(x>1)).z))))|((t+z)+(-((-(1>y)).(-((-(x>1)).z)))))|((-(y.y)).((t+z)+(-((-(1>y)).(-((-(x>1)).z))))))|
-----------------------------------------------------------------------------------------------------------------------------------------------------------------------------------------------------------------------------------------
|0|0|0|0|    0|    0|    1|    0|       1|       0|       1|           0|              1|                         1|                            0|                                    0|                                               0|
-----------------------------------------------------------------------------------------------------------------------------------------------------------------------------------------------------------------------------------------
|0|0|0|1|    0|    1|    1|    0|       1|       0|       1|           0|              1|                         1|                            0|                                    1|                                               1|
-----------------------------------------------------------------------------------------------------------------------------------------------------------------------------------------------------------------------------------------
|0|0|1|0|    0|    1|    1|    0|       1|       0|       1|           0|              1|                         1|                            0|                                    1|                                               1|
-----------------------------------------------------------------------------------------------------------------------------------------------------------------------------------------------------------------------------------------
|0|0|1|1|    0|    1|    1|    0|       1|       0|       1|           0|              1|                         1|                            0|                                    1|                                               1|
-----------------------------------------------------------------------------------------------------------------------------------------------------------------------------------------------------------------------------------------
|0|1|0|0|    1|    0|    1|    1|       0|       0|       0|           0|              1|                         0|                            1|                                    1|                                               0|
-----------------------------------------------------------------------------------------------------------------------------------------------------------------------------------------------------------------------------------------
|0|1|0|1|    1|    1|    1|    1|       0|       0|       0|           0|              1|                         0|                            1|                                    1|                                               0|
-----------------------------------------------------------------------------------------------------------------------------------------------------------------------------------------------------------------------------------------
|0|1|1|0|    1|    1|    1|    1|       0|       0|       0|           0|              1|                         0|                            1|                                    1|                                               0|
-----------------------------------------------------------------------------------------------------------------------------------------------------------------------------------------------------------------------------------------
|0|1|1|1|    1|    1|    1|    1|       0|       0|       0|           0|              1|                         0|                            1|                                    1|                                               0|
-----------------------------------------------------------------------------------------------------------------------------------------------------------------------------------------------------------------------------------------
|1|0|0|0|    0|    0|    1|    0|       1|       0|       1|           0|              1|                         1|                            0|                                    0|                                               0|
-----------------------------------------------------------------------------------------------------------------------------------------------------------------------------------------------------------------------------------------
|1|0|0|1|    0|    1|    1|    0|       1|       0|       1|           0|              1|                         1|                            0|                                    1|                                               1|
-----------------------------------------------------------------------------------------------------------------------------------------------------------------------------------------------------------------------------------------
|1|0|1|0|    0|    1|    1|    0|       1|       0|       1|           0|              1|                         1|                            0|                                    1|                                               1|
-----------------------------------------------------------------------------------------------------------------------------------------------------------------------------------------------------------------------------------------
|1|0|1|1|    0|    1|    1|    0|       1|       0|       1|           0|              1|                         1|                            0|                                    1|                                               1|
-----------------------------------------------------------------------------------------------------------------------------------------------------------------------------------------------------------------------------------------
|1|1|0|0|    1|    0|    1|    1|       0|       0|       0|           0|              1|                         0|                            1|                                    1|                                               0|
-----------------------------------------------------------------------------------------------------------------------------------------------------------------------------------------------------------------------------------------
|1|1|0|1|    1|    1|    1|    1|       0|       0|       0|           0|              1|                         0|                            1|                                    1|                                               0|
-----------------------------------------------------------------------------------------------------------------------------------------------------------------------------------------------------------------------------------------
|1|1|1|0|    1|    1|    1|    1|       0|       0|       0|           0|              1|                         0|                            1|                                    1|                                               0|
-----------------------------------------------------------------------------------------------------------------------------------------------------------------------------------------------------------------------------------------
|1|1|1|1|    1|    1|    1|    1|       0|       0|       0|           0|              1|                         0|                            1|                                    1|                                               0|
-----------------------------------------------------------------------------------------------------------------------------------------------------------------------------------------------------------------------------------------
satisfativel e refutavel

Tabela #2
------------------------------------------------------------------------------------------------------------------------------------------------------------------------------------------------------------------------------
|x|y|z|t|(1>t)|(x>0)|(y+0)|(z+x)|(-(x>0))|(-(y+0))|((-(y+0))+x)|((1>t).((-(y+0))+x))|(-((1>t).((-(y+0))+x)))|((z+x)>(-((1>t).((-(y+0))+x))))|(-((z+x)>(-((1>t).((-(y+0))+x)))))|((-(x>0)).(-((z+x)>(-((1>t).((-(y+0))+x))))))|
------------------------------------------------------------------------------------------------------------------------------------------------------------------------------------------------------------------------------
|0|0|0|0|    0|    1|    0|    0|       0|       1|           1|                   0|                      1|                              1|                                 0|                                            0|
------------------------------------------------------------------------------------------------------------------------------------------------------------------------------------------------------------------------------
|0|0|0|1|    1|    1|    0|    0|       0|       1|           1|                   1|                      0|                              1|                                 0|                                            0|
------------------------------------------------------------------------------------------------------------------------------------------------------------------------------------------------------------------------------
|0|0|1|0|    0|    1|    0|    1|       0|       1|           1|                   0|                      1|                              1|                                 0|                                            0|
------------------------------------------------------------------------------------------------------------------------------------------------------------------------------------------------------------------------------
|0|0|1|1|    1|    1|    0|    1|       0|       1|           1|                   1|                      0|                              0|                                 1|                                            0|
------------------------------------------------------------------------------------------------------------------------------------------------------------------------------------------------------------------------------
|0|1|0|0|    0|    1|    1|    0|       0|       0|           0|                   0|                      1|                              1|                                 0|                                            0|
------------------------------------------------------------------------------------------------------------------------------------------------------------------------------------------------------------------------------
|0|1|0|1|    1|    1|    1|    0|       0|       0|           0|                   0|                      1|                              1|                                 0|                                            0|
------------------------------------------------------------------------------------------------------------------------------------------------------------------------------------------------------------------------------
|0|1|1|0|    0|    1|    1|    1|       0|       0|           0|                   0|                      1|                              1|                                 0|                                            0|
------------------------------------------------------------------------------------------------------------------------------------------------------------------------------------------------------------------------------
|0|1|1|1|    1|    1|    1|    1|       0|       0|           0|                   0|                      1|                              1|                                 0|                                            0|
------------------------------------------------------------------------------------------------------------------------------------------------------------------------------------------------------------------------------
|1|0|0|0|    0|    0|    0|    1|       1|       1|           1|                   0|                      1|                              1|                                 0|                                            0|
------------------------------------------------------------------------------------------------------------------------------------------------------------------------------------------------------------------------------
|1|0|0|1|    1|    0|    0|    1|       1|       1|           1|                   1|                      0|                              0|                                 1|                                            1|
------------------------------------------------------------------------------------------------------------------------------------------------------------------------------------------------------------------------------
|1|0|1|0|    0|    0|    0|    1|       1|       1|           1|                   0|                      1|                              1|                                 0|                                            0|
------------------------------------------------------------------------------------------------------------------------------------------------------------------------------------------------------------------------------
|1|0|1|1|    1|    0|    0|    1|       1|       1|           1|                   1|                      0|                              0|                                 1|                                            1|
------------------------------------------------------------------------------------------------------------------------------------------------------------------------------------------------------------------------------
|1|1|0|0|    0|    0|    1|    1|       1|       0|           1|                   0|                      1|                              1|                                 0|                                            0|
------------------------------------------------------------------------------------------------------------------------------------------------------------------------------------------------------------------------------
|1|1|0|1|    1|    0|    1|    1|       1|       0|           1|                   1|                      0|                              0|                                 1|                                            1|
------------------------------------------------------------------------------------------------------------------------------------------------------------------------------------------------------------------------------
|1|1|1|0|    0|    0|    1|    1|       1|       0|           1|                   0|                      1|                              1|                                 0|                                            0|
------------------------------------------------------------------------------------------------------------------------------------------------------------------------------------------------------------------------------
|1|1|1|1|    1|    0|    1|    1|       1|       0|           1|                   1|                      0|                              0|                                 1|                                            1|
------------------------------------------------------------------------------------------------------------------------------------------------------------------------------------------------------------------------------
satisfativel e refutavel

Tabela #3
-------------------------------------------------------------------------------------------------------------------------------------------------------------------
|x|(1.x)|(x+x)|(x>x)|(-(x+x))|((x>x).1)|((-(1>0))+((x>x).1))|(-((-(1>0))+((x>x).1)))|((-(x+x))+(-((-(1>0))+((x>x).1))))|((1.x)>((-(x+x))+(-((-(1>0))+((x>x).1)))))|
-------------------------------------------------------------------------------------------------------------------------------------------------------------------
|0|    0|    0|    1|       1|        1|                   1|                      0|                                 1|                                         1|
-------------------------------------------------------------------------------------------------------------------------------------------------------------------
|1|    1|    1|    1|       0|        1|                   1|                      0|                                 0|                                         0|
-------------------------------------------------------------------------------------------------------------------------------------------------------------------
satisfativel e refutavel

Tabela #4
----------------------------------------------------------------------------------------------------------------------------------------------------------------------------------------------------------------
|x|z|t|(0.t)|(x>0)|(z.1)|(-(0.t))|(-(z.1))|((x>0)>0)|(-((x>0)>0))|((0+0).(-((x>0)>0)))|((-(0.t)).((0+0).(-((x>0)>0))))|((-(z.1)).((-(0.t)).((0+0).(-((x>0)>0)))))|(-((-(z.1)).((-(0.t)).((0+0).(-((x>0)>0))))))|
----------------------------------------------------------------------------------------------------------------------------------------------------------------------------------------------------------------
|0|0|0|    0|    1|    0|       1|       1|        0|           1|                   0|                              0|                                         0|                                            1|
----------------------------------------------------------------------------------------------------------------------------------------------------------------------------------------------------------------
|0|0|1|    0|    1|    0|       1|       1|        0|           1|                   0|                              0|                                         0|                                            1|
----------------------------------------------------------------------------------------------------------------------------------------------------------------------------------------------------------------
|0|1|0|    0|    1|    1|       1|       0|        0|           1|                   0|                              0|                                         0|                                            1|
----------------------------------------------------------------------------------------------------------------------------------------------------------------------------------------------------------------
|0|1|1|    0|    1|    1|       1|       0|        0|           1|                   0|                              0|                                         0|                                            1|
----------------------------------------------------------------------------------------------------------------------------------------------------------------------------------------------------------------
|1|0|0|    0|    0|    0|       1|       1|        1|           0|                   0|                              0|                                         0|                                            1|
----------------------------------------------------------------------------------------------------------------------------------------------------------------------------------------------------------------
|1|0|1|    0|    0|    0|       1|       1|        1|           0|                   0|                              0|                                         0|                                            1|
----------------------------------------------------------------------------------------------------------------------------------------------------------------------------------------------------------------
|1|1|0|    0|    0|    1|       1|       0|        1|           0|                   0|                              0|                                         0|                                            1|
----------------------------------------------------------------------------------------------------------------------------------------------------------------------------------------------------------------
|1|1|1|    0|    0|    1|       1|       0|        1|           0|                   0|                              0|                                         0|                                            1|
----------------------------------------------------------------------------------------------------------------------------------------------------------------------------------------------------------------
satisfativel e tautologia

Tabela #5
-----------------------------------------------------------------------------------------------------------------------------------------------------------------------
|x|y|z|(1.z)|(x.0)|(y>z)|(-(1.z))|(-(x.0))|((0.1).y)|((y>z).((0.1).y))|(-((y>z).((0.1).y)))|((-(x.0))+(-((y>z).((0.1).y))))|((-(1.z)).((-(x.0))+(-((y>z).((0.1).y)))))|
-----------------------------------------------------------------------------------------------------------------------------------------------------------------------
|0|0|0|    0|    0|    1|       1|       1|        0|                0|                   1|                              1|                                         1|
-----------------------------------------------------------------------------------------------------------------------------------------------------------------------
|0|0|1|    1|    0|    1|       0|       1|        0|                0|                   1|                              1|                                         0|
-----------------------------------------------------------------------------------------------------------------------------------------------------------------------
|0|1|0|    0|    0|    0|       1|       1|        0|                0|                   1|                              1|                                         1|
-----------------------------------------------------------------------------------------------------------------------------------------------------------------------
|0|1|1|    1|    0|    1|       0|       1|        0|                0|                   1|                              1|                                         0|
-----------------------------------------------------------------------------------------------------------------------------------------------------------------------
|1|0|0|    0|    0|    1|       1|       1|        0|                0|                   1|                              1|                                         1|
-----------------------------------------------------------------------------------------------------------------------------------------------------------------------
|1|0|1|    1|    0|    1|       0|       1|        0|                0|                   1|                              1|                                         0|
-----------------------------------------------------------------------------------------------------------------------------------------------------------------------
|1|1|0|    0|    0|    0|       1|       1|        0|                0|                   1|                              1|                                         1|
-----------------------------------------------------------------------------------------------------------------------------------------------------------------------
|1|1|1|    1|    0|    1|       0|       1|        0|                0|                   1|                              1|                                         0|
-----------------------------------------------------------------------------------------------------------------------------------------------------------------------
satisfativel e refutavel

